\BOOKMARK [0][-]{chapter*.2}{List of Figures}{}% 1
\BOOKMARK [0][-]{chapter*.3}{List of Tables}{}% 2
\BOOKMARK [0][-]{chapter*.3}{List of Abbreviations}{}% 3
\BOOKMARK [0][-]{chapter.1}{How to use the template}{}% 4
\BOOKMARK [1][-]{section.1.1}{General structure}{chapter.1}% 5
\BOOKMARK [1][-]{section.1.2}{Compilation}{chapter.1}% 6
\BOOKMARK [1][-]{section.1.3}{Languages}{chapter.1}% 7
\BOOKMARK [1][-]{section.1.4}{Abbreviations}{chapter.1}% 8
\BOOKMARK [1][-]{section.1.5}{Citations}{chapter.1}% 9
\BOOKMARK [2][-]{subsection.1.5.1}{The bib file}{section.1.5}% 10
\BOOKMARK [2][-]{subsection.1.5.2}{Citations}{section.1.5}% 11
\BOOKMARK [1][-]{section.1.6}{Table of Contents}{chapter.1}% 12
\BOOKMARK [1][-]{section.1.7}{Troubleshooting}{chapter.1}% 13
\BOOKMARK [0][-]{chapter.2}{Ein Kapitel}{}% 14
\BOOKMARK [1][-]{section.2.1}{Bilder}{chapter.2}% 15
\BOOKMARK [1][-]{section.2.2}{Editor}{chapter.2}% 16
\BOOKMARK [1][-]{section.2.3}{Mathematik}{chapter.2}% 17
\BOOKMARK [0][-]{chapter.3}{Summary, Conclusions, and Further Work}{}% 18
\BOOKMARK [1][-]{section.3.1}{Summary}{chapter.3}% 19
\BOOKMARK [1][-]{section.3.2}{Conclusions}{chapter.3}% 20
\BOOKMARK [1][-]{section.3.3}{Further Work}{chapter.3}% 21
\BOOKMARK [0][-]{chapter*.5}{Bibliography}{}% 22
\BOOKMARK [-1][-]{part*.7}{Appendix}{}% 23
\BOOKMARK [0][-]{appendix.A}{First class of appendices}{part*.7}% 24
\BOOKMARK [1][-]{section.A.1}{Some appendix}{appendix.A}% 25
